<?xml version="1.0" encoding="UTF-8"?>
<!-- Generated by org.testng.reporters.JUnitXMLReporter -->
<testsuite ignored="0" hostname="DESKTOP-DQJ0P8H" failures="0" tests="3" name="Default test" time="0.423" errors="0" timestamp="2024-12-02T13:04:51 IST">
  <testcase classname="com.qa.demotestcases.DemoFirstTest" name="TC1" time="0.059"/>
  <testcase classname="com.qa.demotestcases.DemoFirstTest" name="TC2" time="0.019"/>
  <testcase classname="com.qa.demotestcases.DemoFirstTest" name="TC3" time="0.021"/>
</testsuite> <!-- Default test -->
