<?xml version="1.0" encoding="UTF-8"?>
<testng-results ignored="0" total="3" passed="3" failed="0" skipped="0">
  <reporter-output>
  </reporter-output>
  <suite started-at="2024-12-02T13:04:50 IST" name="Default suite" finished-at="2024-12-02T13:04:51 IST" duration-ms="423">
    <groups>
    </groups>
    <test started-at="2024-12-02T13:04:50 IST" name="Default test" finished-at="2024-12-02T13:04:51 IST" duration-ms="423">
      <class name="com.qa.demotestcases.DemoFirstTest">
        <test-method signature="TC1()[pri:0, instance:com.qa.demotestcases.DemoFirstTest@316bcf94]" started-at="2024-12-02T13:04:51 IST" name="TC1" finished-at="2024-12-02T13:04:51 IST" duration-ms="59" status="PASS">
          <reporter-output>
          </reporter-output>
        </test-method> <!-- TC1 -->
        <test-method signature="TC2()[pri:0, instance:com.qa.demotestcases.DemoFirstTest@316bcf94]" started-at="2024-12-02T13:04:51 IST" name="TC2" finished-at="2024-12-02T13:04:51 IST" duration-ms="19" status="PASS">
          <reporter-output>
          </reporter-output>
        </test-method> <!-- TC2 -->
        <test-method signature="TC3()[pri:0, instance:com.qa.demotestcases.DemoFirstTest@316bcf94]" started-at="2024-12-02T13:04:51 IST" name="TC3" finished-at="2024-12-02T13:04:51 IST" duration-ms="21" status="PASS">
          <reporter-output>
          </reporter-output>
        </test-method> <!-- TC3 -->
      </class> <!-- com.qa.demotestcases.DemoFirstTest -->
    </test> <!-- Default test -->
  </suite> <!-- Default suite -->
</testng-results>
